
* Info: Selecting the 'perf-low-ppn' engine for node knl07

* Info: Process launched (host knl07, process 467873)
[1mTotal memory size:[0m 393216 B, 384 KiB, 0 MiB

[1m Step    Time, s Interact/s  GFLOP/s[0m
    0  4.172e+00  6.434e+07      1.8 *
    1  3.921e+00  6.846e+07      1.9 *
    2  3.932e+00  6.826e+07      1.9 *
    3  3.929e+00  6.831e+07      1.9 
    4  3.174e+00  8.458e+07      2.4 
    5  3.227e+00  8.319e+07      2.3 
    6  8.415e-01  3.190e+08      8.9 
    7  8.417e-01  3.189e+08      8.9 
    8  8.418e-01  3.189e+08      8.9 
    9  8.427e-01  3.185e+08      8.9 
-----------------------------------------------------
[1mAverage performance:      [42m       6.0 +- 3.3 GFLOP/s[0m
Average rdtsc = 1177076474
-----------------------------------------------------

* Info: Process finished (host knl07, process 467873)
* Info: Dumping samples (host knl07, process 467873)
* Info: Dumping source info for callchain nodes (host knl07, process 467873)
* Info: Building/writing metadata (host knl07)
* Info: Finished collect step (host knl07, process 467873)

Your experiment path is /users/user2208/nbodyssh/2/../v2gcc/tools/lprof_npsu_run_0

To display your profiling results:
#################################################################################################
#    LEVEL    |     REPORT     |                            COMMAND                             #
#################################################################################################
#  Functions  |  Cluster-wide  |  maqao lprof -df xp=/users/user2208/nbodyssh/2/../v2gcc/tools  #
#  Functions  |  Per-node      |  maqao lprof -df -dn xp=/users/user2208/nbodyssh/2/../v2gcc/t  #
#  Functions  |  Per-process   |  maqao lprof -df -dp xp=/users/user2208/nbodyssh/2/../v2gcc/t  #
#  Functions  |  Per-thread    |  maqao lprof -df -dt xp=/users/user2208/nbodyssh/2/../v2gcc/t  #
#  Loops      |  Cluster-wide  |  maqao lprof -dl xp=/users/user2208/nbodyssh/2/../v2gcc/tools  #
#  Loops      |  Per-node      |  maqao lprof -dl -dn xp=/users/user2208/nbodyssh/2/../v2gcc/t  #
#  Loops      |  Per-process   |  maqao lprof -dl -dp xp=/users/user2208/nbodyssh/2/../v2gcc/t  #
#  Loops      |  Per-thread    |  maqao lprof -dl -dt xp=/users/user2208/nbodyssh/2/../v2gcc/t  #
#################################################################################################

