
* Info: Selecting the 'perf-low-ppn' engine for node knl07

* Info: Process launched (host knl07, process 617744)
[1mTotal memory size:[0m 393216 B, 384 KiB, 0 MiB

[1m Step    Time, s Interact/s  GFLOP/s[0m
    0  1.439e+00  1.866e+08      4.3 *
    1  1.438e+00  1.866e+08      4.3 *
    2  1.439e+00  1.865e+08      4.3 *
    3  1.294e+00  2.075e+08      4.8 
    4  6.338e-01  4.235e+08      9.7 
    5  5.756e-01  4.663e+08     10.7 
    6  6.021e-01  4.458e+08     10.3 
    7  5.761e-01  4.659e+08     10.7 
    8  5.759e-01  4.661e+08     10.7 
    9  6.447e-01  4.163e+08      9.6 
-----------------------------------------------------
[1mAverage performance:      [42m       9.5 +- 2.0 GFLOP/s[0m
Average rdtsc = 1510134605
-----------------------------------------------------

* Info: Process finished (host knl07, process 617744)
* Info: Dumping samples (host knl07, process 617744)
* Info: Dumping source info for callchain nodes (host knl07, process 617744)
* Info: Building/writing metadata (host knl07)
* Info: Finished collect step (host knl07, process 617744)

Your experiment path is /users/user2208/nbodyssh/1/../v1icc/tools/lprof_npsu_run_0

To display your profiling results:
#################################################################################################
#    LEVEL    |     REPORT     |                            COMMAND                             #
#################################################################################################
#  Functions  |  Cluster-wide  |  maqao lprof -df xp=/users/user2208/nbodyssh/1/../v1icc/tools  #
#  Functions  |  Per-node      |  maqao lprof -df -dn xp=/users/user2208/nbodyssh/1/../v1icc/t  #
#  Functions  |  Per-process   |  maqao lprof -df -dp xp=/users/user2208/nbodyssh/1/../v1icc/t  #
#  Functions  |  Per-thread    |  maqao lprof -df -dt xp=/users/user2208/nbodyssh/1/../v1icc/t  #
#  Loops      |  Cluster-wide  |  maqao lprof -dl xp=/users/user2208/nbodyssh/1/../v1icc/tools  #
#  Loops      |  Per-node      |  maqao lprof -dl -dn xp=/users/user2208/nbodyssh/1/../v1icc/t  #
#  Loops      |  Per-process   |  maqao lprof -dl -dp xp=/users/user2208/nbodyssh/1/../v1icc/t  #
#  Loops      |  Per-thread    |  maqao lprof -dl -dt xp=/users/user2208/nbodyssh/1/../v1icc/t  #
#################################################################################################

