
* Info: Selecting the 'perf-low-ppn' engine for node knl07

* Info: Process launched (host knl07, process 616840)
[1mTotal memory size:[0m 393216 B, 384 KiB, 0 MiB

[1m Step    Time, s Interact/s  GFLOP/s[0m
    0  1.207e+00  2.224e+08      6.2 *
    1  1.512e+00  1.775e+08      5.0 *
    2  1.511e+00  1.777e+08      5.0 *
    3  1.508e+00  1.780e+08      5.0 
    4  1.506e+00  1.782e+08      5.0 
    5  7.340e-01  3.657e+08     10.2 
    6  5.515e-01  4.867e+08     13.6 
    7  6.374e-01  4.211e+08     11.8 
    8  2.157e+00  1.244e+08      3.5 
    9  1.575e+00  1.704e+08      4.8 
-----------------------------------------------------
[1mAverage performance:      [42m       7.7 +- 3.8 GFLOP/s[0m
Average rdtsc = 1933876091
-----------------------------------------------------

* Info: Process finished (host knl07, process 616840)
* Info: Dumping samples (host knl07, process 616840)
* Info: Dumping source info for callchain nodes (host knl07, process 616840)
* Info: Building/writing metadata (host knl07)
* Info: Finished collect step (host knl07, process 616840)

Your experiment path is /users/user2208/nbodyssh/2/../v2icc/tools/lprof_npsu_run_0

To display your profiling results:
#################################################################################################
#    LEVEL    |     REPORT     |                            COMMAND                             #
#################################################################################################
#  Functions  |  Cluster-wide  |  maqao lprof -df xp=/users/user2208/nbodyssh/2/../v2icc/tools  #
#  Functions  |  Per-node      |  maqao lprof -df -dn xp=/users/user2208/nbodyssh/2/../v2icc/t  #
#  Functions  |  Per-process   |  maqao lprof -df -dp xp=/users/user2208/nbodyssh/2/../v2icc/t  #
#  Functions  |  Per-thread    |  maqao lprof -df -dt xp=/users/user2208/nbodyssh/2/../v2icc/t  #
#  Loops      |  Cluster-wide  |  maqao lprof -dl xp=/users/user2208/nbodyssh/2/../v2icc/tools  #
#  Loops      |  Per-node      |  maqao lprof -dl -dn xp=/users/user2208/nbodyssh/2/../v2icc/t  #
#  Loops      |  Per-process   |  maqao lprof -dl -dp xp=/users/user2208/nbodyssh/2/../v2icc/t  #
#  Loops      |  Per-thread    |  maqao lprof -dl -dt xp=/users/user2208/nbodyssh/2/../v2icc/t  #
#################################################################################################

