
* Info: Selecting the 'perf-low-ppn' engine for node knl07

* Info: Process launched (host knl07, process 462692)
[1mTotal memory size:[0m 393216 B, 384 KiB, 0 MiB

[1m Step    Time, s Interact/s  GFLOP/s[0m
    0  6.171e-01  4.350e+08     13.5 *
    1  5.775e-01  4.648e+08     14.4 *
    2  2.481e-01  1.082e+09     33.5 *
    3  2.476e-01  1.084e+09     33.6 
    4  2.475e-01  1.084e+09     33.6 
    5  2.475e-01  1.084e+09     33.6 
    6  2.477e-01  1.084e+09     33.6 
    7  2.476e-01  1.084e+09     33.6 
    8  2.475e-01  1.085e+09     33.6 
    9  2.476e-01  1.084e+09     33.6 
-----------------------------------------------------
[1mAverage performance:      [42m      33.6 +- 0.0 GFLOP/s[0m
Average rdtsc = 345923643
-----------------------------------------------------

* Info: Process finished (host knl07, process 462692)
* Info: Dumping samples (host knl07, process 462692)
* Info: Dumping source info for callchain nodes (host knl07, process 462692)
* Info: Building/writing metadata (host knl07)
* Info: Finished collect step (host knl07, process 462692)

Your experiment path is /users/user2208/nbodyssh/4/../v4gcc/tools/lprof_npsu_run_0

To display your profiling results:
#################################################################################################
#    LEVEL    |     REPORT     |                            COMMAND                             #
#################################################################################################
#  Functions  |  Cluster-wide  |  maqao lprof -df xp=/users/user2208/nbodyssh/4/../v4gcc/tools  #
#  Functions  |  Per-node      |  maqao lprof -df -dn xp=/users/user2208/nbodyssh/4/../v4gcc/t  #
#  Functions  |  Per-process   |  maqao lprof -df -dp xp=/users/user2208/nbodyssh/4/../v4gcc/t  #
#  Functions  |  Per-thread    |  maqao lprof -df -dt xp=/users/user2208/nbodyssh/4/../v4gcc/t  #
#  Loops      |  Cluster-wide  |  maqao lprof -dl xp=/users/user2208/nbodyssh/4/../v4gcc/tools  #
#  Loops      |  Per-node      |  maqao lprof -dl -dn xp=/users/user2208/nbodyssh/4/../v4gcc/t  #
#  Loops      |  Per-process   |  maqao lprof -dl -dp xp=/users/user2208/nbodyssh/4/../v4gcc/t  #
#  Loops      |  Per-thread    |  maqao lprof -dl -dt xp=/users/user2208/nbodyssh/4/../v4gcc/t  #
#################################################################################################

