
* Info: Selecting the 'perf-low-ppn' engine for node knl07

* Info: Process launched (host knl07, process 613521)
[1mTotal memory size:[0m 393216 B, 384 KiB, 0 MiB

[1m Step    Time, s Interact/s  GFLOP/s[0m
    0  5.506e-01  4.875e+08     15.1 *
    1  5.153e-01  5.209e+08     16.1 *
    2  5.280e-01  5.084e+08     15.8 *
    3  5.178e-01  5.183e+08     16.1 
    4  5.868e-01  4.574e+08     14.2 
    5  5.163e-01  5.199e+08     16.1 
    6  5.164e-01  5.198e+08     16.1 
    7  5.150e-01  5.212e+08     16.2 
    8  5.196e-01  5.166e+08     16.0 
    9  5.462e-01  4.915e+08     15.2 
-----------------------------------------------------
[1mAverage performance:      [42m      15.7 +- 0.7 GFLOP/s[0m
Average rdtsc = 419485514
-----------------------------------------------------

* Info: Process finished (host knl07, process 613521)
* Info: Dumping samples (host knl07, process 613521)
* Info: Dumping source info for callchain nodes (host knl07, process 613521)
* Info: Building/writing metadata (host knl07)
* Info: Finished collect step (host knl07, process 613521)

Your experiment path is /users/user2208/nbodyssh/4/../v4icc/tools/lprof_npsu_run_0

To display your profiling results:
#################################################################################################
#    LEVEL    |     REPORT     |                            COMMAND                             #
#################################################################################################
#  Functions  |  Cluster-wide  |  maqao lprof -df xp=/users/user2208/nbodyssh/4/../v4icc/tools  #
#  Functions  |  Per-node      |  maqao lprof -df -dn xp=/users/user2208/nbodyssh/4/../v4icc/t  #
#  Functions  |  Per-process   |  maqao lprof -df -dp xp=/users/user2208/nbodyssh/4/../v4icc/t  #
#  Functions  |  Per-thread    |  maqao lprof -df -dt xp=/users/user2208/nbodyssh/4/../v4icc/t  #
#  Loops      |  Cluster-wide  |  maqao lprof -dl xp=/users/user2208/nbodyssh/4/../v4icc/tools  #
#  Loops      |  Per-node      |  maqao lprof -dl -dn xp=/users/user2208/nbodyssh/4/../v4icc/t  #
#  Loops      |  Per-process   |  maqao lprof -dl -dp xp=/users/user2208/nbodyssh/4/../v4icc/t  #
#  Loops      |  Per-thread    |  maqao lprof -dl -dt xp=/users/user2208/nbodyssh/4/../v4icc/t  #
#################################################################################################

